<?xml version="1.0" encoding="UTF-8"?>
<testsuite xmlns:xsi="http://www.w3.org/2001/XMLSchema-instance" xsi:noNamespaceSchemaLocation="https://maven.apache.org/surefire/maven-surefire-plugin/xsd/surefire-test-report-3.0.xsd" version="3.0" name="com.nam.repository.StudentPointRepositoryTest" time="4.216" tests="1" errors="0" skipped="0" failures="0">
  <properties>
[...]
</properties>
  <testcase name="givenStudentIdAndSemester_whenGetStudentPointBySemesterAndStudentId_returnStudentPointObject" classname="com.nam.repository.StudentPointRepositoryTest" time="0.453">
    <system-out><![CDATA[19:15:05.950 [main] INFO org.springframework.test.context.support.AnnotationConfigContextLoaderUtils -- Could not detect default configuration classes for test class [com.nam.repository.StudentPointRepositoryTest]: StudentPointRepositoryTest does not declare any static, non-private, non-final, nested classes annotated with @Configuration.
19:15:06.005 [main] INFO org.springframework.boot.test.context.SpringBootTestContextBootstrapper -- Found @SpringBootConfiguration com.nam.DAA for test class com.nam.repository.StudentPointRepositoryTest

  .   ____          _            __ _ _
 /\\ / ___'_ __ _ _(_)_ __  __ _ \ \ \ \
( ( )\___ | '_ | '_| | '_ \/ _` | \ \ \ \
 \\/  ___)| |_)| | | | | || (_| |  ) ) ) )
  '  |____| .__|_| |_|_| |_\__, | / / / /
 =========|_|==============|___/=/_/_/_/
 :: Spring Boot ::                (v3.1.2)

2025-12-13T19:15:06.194+01:00  WARN 25647 --- [           main] ory$DuplicateJsonObjectContextCustomizer : 

Found multiple occurrences of org.json.JSONObject on the class path:

	jar:file:/Users/danielesabia/.m2/repository/com/vaadin/external/google/android-json/0.0.20131108.vaadin1/android-json-0.0.20131108.vaadin1.jar!/org/json/JSONObject.class
	jar:file:/Users/danielesabia/.m2/repository/org/json/json/20180130/json-20180130.jar!/org/json/JSONObject.class

You may wish to exclude one of them to ensure predictable runtime behavior

2025-12-13T19:15:06.201+01:00  INFO 25647 --- [           main] c.n.r.StudentPointRepositoryTest         : Starting StudentPointRepositoryTest using Java 21.0.7 with PID 25647 (started by danielesabia in /Users/danielesabia/development/tests/2025-12-08-multi-test-8-problem-4/testing/react-java/Backend/DAA/DAA)
2025-12-13T19:15:06.202+01:00  INFO 25647 --- [           main] c.n.r.StudentPointRepositoryTest         : The following 1 profile is active: "dev"
2025-12-13T19:15:06.679+01:00  INFO 25647 --- [           main] .s.d.r.c.RepositoryConfigurationDelegate : Bootstrapping Spring Data JPA repositories in DEFAULT mode.
2025-12-13T19:15:06.724+01:00  INFO 25647 --- [           main] .s.d.r.c.RepositoryConfigurationDelegate : Finished Spring Data repository scanning in 41 ms. Found 9 JPA repository interfaces.
2025-12-13T19:15:06.996+01:00  INFO 25647 --- [           main] o.hibernate.jpa.internal.util.LogHelper  : HHH000204: Processing PersistenceUnitInfo [name: default]
2025-12-13T19:15:07.019+01:00  INFO 25647 --- [           main] org.hibernate.Version                    : HHH000412: Hibernate ORM core version 6.2.6.Final
2025-12-13T19:15:07.020+01:00  INFO 25647 --- [           main] org.hibernate.cfg.Environment            : HHH000406: Using bytecode reflection optimizer
2025-12-13T19:15:07.077+01:00  INFO 25647 --- [           main] o.h.b.i.BytecodeProviderInitiator        : HHH000021: Bytecode provider name : bytebuddy
2025-12-13T19:15:07.132+01:00  INFO 25647 --- [           main] o.s.o.j.p.SpringPersistenceUnitInfo      : No LoadTimeWeaver setup: ignoring JPA class transformer
2025-12-13T19:15:07.139+01:00  INFO 25647 --- [           main] com.zaxxer.hikari.HikariDataSource       : HikariPool-1 - Starting...
2025-12-13T19:15:07.240+01:00  INFO 25647 --- [           main] com.zaxxer.hikari.pool.HikariPool        : HikariPool-1 - Added connection conn0: url=jdbc:h2:mem:testdb user=SA
2025-12-13T19:15:07.241+01:00  INFO 25647 --- [           main] com.zaxxer.hikari.HikariDataSource       : HikariPool-1 - Start completed.
2025-12-13T19:15:07.424+01:00  INFO 25647 --- [           main] o.h.b.i.BytecodeProviderInitiator        : HHH000021: Bytecode provider name : bytebuddy
2025-12-13T19:15:07.851+01:00  INFO 25647 --- [           main] o.h.e.t.j.p.i.JtaPlatformInitiator       : HHH000490: Using JtaPlatform implementation: [org.hibernate.engine.transaction.jta.platform.internal.NoJtaPlatform]
Hibernate: drop table if exists "email" cascade 
Hibernate: drop table if exists "notice" cascade 
Hibernate: drop table if exists "student" cascade 
Hibernate: drop table if exists "student_point" cascade 
Hibernate: drop table if exists "subject" cascade 
Hibernate: drop table if exists "teacher" cascade 
Hibernate: drop table if exists "tuition" cascade 
Hibernate: drop table if exists "refreshtoken" cascade 
Hibernate: drop table if exists "roles" cascade 
Hibernate: drop table if exists "user_roles" cascade 
Hibernate: drop table if exists "users" cascade 
Hibernate: drop sequence if exists "email_seq"
Hibernate: drop sequence if exists "notice_seq"
Hibernate: drop sequence if exists "refreshtoken_seq"
Hibernate: drop sequence if exists "student_point_seq"
Hibernate: drop sequence if exists "subject_seq"
Hibernate: drop sequence if exists "tuition_seq"
Hibernate: drop sequence if exists "users_seq"
Hibernate: create sequence "email_seq" start with 1 increment by 50
Hibernate: create sequence "notice_seq" start with 1 increment by 50
Hibernate: create sequence "refreshtoken_seq" start with 1 increment by 50
Hibernate: create sequence "student_point_seq" start with 1 increment by 50
Hibernate: create sequence "subject_seq" start with 1 increment by 50
Hibernate: create sequence "tuition_seq" start with 1 increment by 50
Hibernate: create sequence "users_seq" start with 1 increment by 50
Hibernate: create table "email" ("id" bigint not null, "register_email" varchar(255), primary key ("id"))
Hibernate: create table "notice" ("created_at" timestamp(6), "id" bigint not null, "description" varchar(255), "title" varchar(255), primary key ("id"))
Hibernate: create table "student" ("id" bigint not null, "student_class" varchar(255), "student_id" varchar(255), primary key ("id"))
Hibernate: create table "student_point" ("id" bigint not null, "id_student" bigint, "semester" varchar(255), "year" varchar(255), primary key ("id"))
Hibernate: create table "subject" ("credits" integer not null, "point1" float(53) not null, "point2" float(53) not null, "point3" float(53) not null, "point4" float(53) not null, "point_average" float(53) not null, "id" bigint not null, "id_studentpoint" bigint, "note" varchar(255), "subject_id" varchar(255), "subject_name" varchar(255), primary key ("id"))
Hibernate: create table "teacher" ("id" bigint not null, primary key ("id"))
Hibernate: create table "tuition" ("amount_paid" float(53) not null, "total_credits" integer not null, "total_pay" float(53) not null, "id" bigint not null, "id_student" bigint, "pay_at" timestamp(6), "payment_status" varchar(255), "semester" varchar(255), "year" varchar(255), primary key ("id"))
Hibernate: create table "refreshtoken" ("expiry_date" timestamp(6) with time zone not null, "id" bigint not null, "user_id" bigint unique, "token" varchar(255) not null unique, primary key ("id"))
Hibernate: create table "roles" ("id" bigint generated by default as identity, "name" varchar(20) check ("name" in ('ROLE_STUDENT','ROLE_TEACHER','ROLE_ADMIN')), primary key ("id"))
Hibernate: create table "user_roles" ("role_id" bigint not null, "user_id" bigint not null, primary key ("role_id", "user_id"))
Hibernate: create table "users" ("created_at" timestamp(6), "id" bigint not null, "email" varchar(50), "first_name" varchar(255), "last_name" varchar(255), "password" varchar(255), primary key ("id"), constraint "UK6j5t70rd2eub907qysjvvd76n" unique ("email"))
Hibernate: alter table if exists "student" add constraint "FK9m5aqjeigwc8uhg6qhxyfmkkd" foreign key ("id") references "users"
Hibernate: alter table if exists "student_point" add constraint "FK5s488p7v67747ij8hbymoof5o" foreign key ("id_student") references "student"
Hibernate: alter table if exists "subject" add constraint "FK8wsvg5bhgws0d83rcjvfxclg2" foreign key ("id_studentpoint") references "student_point"
Hibernate: alter table if exists "teacher" add constraint "FKq6yihouxo9jhamu0jikv0eer2" foreign key ("id") references "users"
Hibernate: alter table if exists "tuition" add constraint "FK6wig1x5gch35wqpxig9nm61oo" foreign key ("id_student") references "student"
Hibernate: alter table if exists "refreshtoken" add constraint "FK22dd6c3700hk2jfqeai7makov" foreign key ("user_id") references "users"
Hibernate: alter table if exists "user_roles" add constraint "FKej3jidxlte0r8flpavhiso3g6" foreign key ("role_id") references "roles"
Hibernate: alter table if exists "user_roles" add constraint "FK7ov27fyo7ebsvada1ej7qkphl" foreign key ("user_id") references "users"
2025-12-13T19:15:07.885+01:00  INFO 25647 --- [           main] j.LocalContainerEntityManagerFactoryBean : Initialized JPA EntityManagerFactory for persistence unit 'default'
2025-12-13T19:15:08.230+01:00  INFO 25647 --- [           main] o.s.d.j.r.query.QueryEnhancerFactory     : Hibernate is in classpath; If applicable, HQL parser will be used.
2025-12-13T19:15:08.544+01:00  WARN 25647 --- [           main] JpaBaseConfiguration$JpaWebConfiguration : spring.jpa.open-in-view is enabled by default. Therefore, database queries may be performed during view rendering. Explicitly configure spring.jpa.open-in-view to disable this warning
2025-12-13T19:15:08.600+01:00  INFO 25647 --- [           main] o.s.s.web.DefaultSecurityFilterChain     : Will secure any request with [org.springframework.security.web.session.DisableEncodeUrlFilter@250c5892, org.springframework.security.web.context.request.async.WebAsyncManagerIntegrationFilter@238fcafa, org.springframework.security.web.context.SecurityContextHolderFilter@5ceeab0c, org.springframework.security.web.header.HeaderWriterFilter@cdf3815, org.springframework.web.filter.CorsFilter@45e931a9, org.springframework.security.web.authentication.logout.LogoutFilter@f5b08d4, com.nam.security.jwt.JwtValidator@6295cc30, org.springframework.security.web.savedrequest.RequestCacheAwareFilter@1e0be005, org.springframework.security.web.servletapi.SecurityContextHolderAwareRequestFilter@1fd226da, org.springframework.security.web.authentication.AnonymousAuthenticationFilter@269bf9e6, org.springframework.security.web.session.SessionManagementFilter@5f709b99, org.springframework.security.web.access.ExceptionTranslationFilter@16acf986, org.springframework.security.web.access.intercept.AuthorizationFilter@7c1f435a]
2025-12-13T19:15:09.629+01:00  INFO 25647 --- [           main] c.n.r.StudentPointRepositoryTest         : Started StudentPointRepositoryTest in 3.569 seconds (process running for 4.054)
Hibernate: select next value for "users_seq"
Hibernate: insert into "users" ("created_at","email","first_name","last_name","password","id") values (?,?,?,?,?,?)
Hibernate: insert into "student" ("student_class","student_id","id") values (?,?,?)
Hibernate: select next value for "student_point_seq"
Hibernate: insert into "student_point" ("semester","id_student","year","id") values (?,?,?,?)
Hibernate: select s1_0."id",s1_0."semester",s1_0."id_student",s1_0."year" from "student_point" s1_0 join "student" s2_0 on s2_0."id"=s1_0."id_student" where s2_0."student_id"=? and s1_0."semester"=?
Hibernate: select s1_0."id",s1_1."created_at",s1_1."email",s1_1."first_name",s1_1."last_name",s1_1."password",s1_1."id",r1_0."user_id",r1_1."id",r1_1."name",s1_0."student_class",s1_0."student_id" from "student" s1_0 join "users" s1_1 on s1_0."id"=s1_1."id" left join ("user_roles" r1_0 join "roles" r1_1 on r1_1."id"=r1_0."role_id") on s1_1."id"=r1_0."user_id" where s1_0."id"=?
]]></system-out>
    <system-err><![CDATA[WARNING: A Java agent has been loaded dynamically (/Users/danielesabia/.m2/repository/net/bytebuddy/byte-buddy-agent/1.14.5/byte-buddy-agent-1.14.5.jar)
WARNING: If a serviceability tool is in use, please run with -XX:+EnableDynamicAgentLoading to hide this warning
WARNING: If a serviceability tool is not in use, please run with -Djdk.instrument.traceUsage for more information
WARNING: Dynamic loading of agents will be disallowed by default in a future release
]]></system-err>
  </testcase>
</testsuite>